<?xml version="1.0" encoding="utf-8"?>
<coverage line-rate="0.9865999999999999" branch-rate="0.8876999999999999" version="1.9" timestamp="1768177095" lines-covered="295" lines-valid="299" branches-covered="87" branches-valid="98">
  <sources>
    <source>/home/runner/work/Baubit.Mediation/Baubit.Mediation/Baubit.Mediation/</source>
  </sources>
  <packages>
    <package name="Baubit.Mediation" line-rate="0.9865999999999999" branch-rate="0.8876999999999999" complexity="137">
      <classes>
        <class name="Baubit.Mediation.SubscriberExtensions" filename="ISubscriber.cs" line-rate="1" branch-rate="1" complexity="1">
          <methods>
            <method name="OnNextOrError" signature="(Baubit.Mediation.ISubscriber`1&lt;T&gt;,T)" line-rate="1" branch-rate="1" complexity="1">
              <lines>
                <line number="49" hits="315" branch="False" />
                <line number="51" hits="315" branch="False" />
                <line number="52" hits="315" branch="False" />
                <line number="54" hits="2" branch="False" />
                <line number="55" hits="2" branch="False" />
                <line number="56" hits="2" branch="False" />
                <line number="58" hits="315" branch="False" />
              </lines>
            </method>
          </methods>
          <lines>
            <line number="49" hits="315" branch="False" />
            <line number="51" hits="315" branch="False" />
            <line number="52" hits="315" branch="False" />
            <line number="54" hits="2" branch="False" />
            <line number="55" hits="2" branch="False" />
            <line number="56" hits="2" branch="False" />
            <line number="58" hits="315" branch="False" />
          </lines>
        </class>
        <class name="Baubit.Mediation.Mediator" filename="Mediator.cs" line-rate="0.9636" branch-rate="0.9" complexity="18">
          <methods>
            <method name="Publish" signature="(T)" line-rate="0.8571" branch-rate="0.8332999999999999" complexity="6">
              <lines>
                <line number="63" hits="376" branch="False" />
                <line number="64" hits="376" branch="False" />
                <line number="65" hits="378" branch="True" condition-coverage="100% (2/2)">
                  <conditions>
                    <condition number="31" type="jump" coverage="100%" />
                  </conditions>
                </line>
                <line number="66" hits="1980" branch="True" condition-coverage="100% (2/2)">
                  <conditions>
                    <condition number="119" type="jump" coverage="100%" />
                  </conditions>
                </line>
                <line number="67" hits="429" branch="False" />
                <line number="68" hits="429" branch="True" condition-coverage="50% (1/2)">
                  <conditions>
                    <condition number="76" type="jump" coverage="50%" />
                  </conditions>
                </line>
                <line number="69" hits="429" branch="False" />
                <line number="70" hits="429" branch="False" />
                <line number="71" hits="429" branch="False" />
                <line number="73" hits="0" branch="False" />
                <line number="75" hits="0" branch="False" />
                <line number="76" hits="429" branch="False" />
                <line number="77" hits="374" branch="False" />
                <line number="78" hits="376" branch="False" />
              </lines>
            </method>
            <method name="PublishAsync" signature="(T,System.Threading.CancellationToken)" line-rate="1" branch-rate="1" complexity="1">
              <lines>
                <line number="82" hits="105" branch="False" />
                <line number="83" hits="105" branch="False" />
                <line number="84" hits="105" branch="False" />
              </lines>
            </method>
            <method name="SubscribeAsync" signature="(Baubit.Mediation.IRequestHandler`2&lt;TRequest,TResponse&gt;,System.Boolean,System.Threading.CancellationToken)" line-rate="1" branch-rate="1" complexity="1">
              <lines>
                <line number="102" hits="8" branch="False" />
                <line number="103" hits="8" branch="False" />
                <line number="104" hits="8" branch="False" />
              </lines>
            </method>
            <method name="SubscribeAsync" signature="(Baubit.Mediation.ISubscriber`1&lt;T&gt;,System.Boolean,System.Threading.CancellationToken)" line-rate="1" branch-rate="1" complexity="1">
              <lines>
                <line number="125" hits="18" branch="False" />
                <line number="126" hits="18" branch="False" />
                <line number="127" hits="18" branch="False" />
              </lines>
            </method>
            <method name="SubscribeAsync" signature="(Baubit.Mediation.IAsyncRequestHandler`2&lt;TRequest,TResponse&gt;,System.Boolean,System.Threading.CancellationToken)" line-rate="1" branch-rate="1" complexity="1">
              <lines>
                <line number="149" hits="13" branch="False" />
                <line number="150" hits="13" branch="False" />
                <line number="151" hits="13" branch="False" />
              </lines>
            </method>
            <method name="SubscribeAsync" signature="(System.Func`3&lt;TNotification,System.Threading.CancellationToken,System.Threading.Tasks.Task`1&lt;System.Boolean&gt;&gt;,System.Boolean,System.Threading.CancellationToken)" line-rate="1" branch-rate="1" complexity="1">
              <lines>
                <line number="173" hits="5" branch="False" />
                <line number="174" hits="5" branch="False" />
                <line number="175" hits="5" branch="False" />
              </lines>
            </method>
            <method name="SubscribeAsync" signature="(System.Func`3&lt;TRequest,System.Threading.CancellationToken,System.Threading.Tasks.Task`1&lt;TResponse&gt;&gt;,System.Boolean,System.Threading.CancellationToken)" line-rate="1" branch-rate="1" complexity="1">
              <lines>
                <line number="197" hits="10" branch="False" />
                <line number="198" hits="10" branch="False" />
                <line number="199" hits="10" branch="False" />
              </lines>
            </method>
            <method name="Dispose" signature="(System.Boolean)" line-rate="1" branch-rate="1" complexity="4">
              <lines>
                <line number="224" hits="2" branch="False" />
                <line number="225" hits="2" branch="True" condition-coverage="100% (2/2)">
                  <conditions>
                    <condition number="12" type="jump" coverage="100%" />
                  </conditions>
                </line>
                <line number="226" hits="2" branch="False" />
                <line number="227" hits="2" branch="True" condition-coverage="100% (2/2)">
                  <conditions>
                    <condition number="18" type="jump" coverage="100%" />
                  </conditions>
                </line>
                <line number="228" hits="2" branch="False" />
                <line number="229" hits="2" branch="False" />
                <line number="230" hits="2" branch="False" />
                <line number="231" hits="2" branch="False" />
                <line number="232" hits="2" branch="False" />
                <line number="233" hits="2" branch="False" />
                <line number="234" hits="2" branch="False" />
              </lines>
            </method>
            <method name="Dispose" signature="()" line-rate="1" branch-rate="1" complexity="1">
              <lines>
                <line number="240" hits="2" branch="False" />
                <line number="242" hits="2" branch="False" />
                <line number="243" hits="2" branch="False" />
                <line number="244" hits="2" branch="False" />
              </lines>
            </method>
            <method name=".ctor" signature="(Baubit.Caching.IOrderedCache`2&lt;System.Int64,System.Object&gt;,Microsoft.Extensions.Logging.ILoggerFactory)" line-rate="1" branch-rate="1" complexity="1">
              <lines>
                <line number="31" hits="49" branch="False" />
                <line number="53" hits="49" branch="False" />
                <line number="54" hits="49" branch="False" />
                <line number="55" hits="49" branch="False" />
                <line number="56" hits="49" branch="False" />
                <line number="57" hits="49" branch="False" />
                <line number="58" hits="49" branch="False" />
                <line number="59" hits="49" branch="False" />
              </lines>
            </method>
          </methods>
          <lines>
            <line number="63" hits="376" branch="False" />
            <line number="64" hits="376" branch="False" />
            <line number="65" hits="378" branch="True" condition-coverage="100% (2/2)">
              <conditions>
                <condition number="31" type="jump" coverage="100%" />
              </conditions>
            </line>
            <line number="66" hits="1980" branch="True" condition-coverage="100% (2/2)">
              <conditions>
                <condition number="119" type="jump" coverage="100%" />
              </conditions>
            </line>
            <line number="67" hits="429" branch="False" />
            <line number="68" hits="429" branch="True" condition-coverage="50% (1/2)">
              <conditions>
                <condition number="76" type="jump" coverage="50%" />
              </conditions>
            </line>
            <line number="69" hits="429" branch="False" />
            <line number="70" hits="429" branch="False" />
            <line number="71" hits="429" branch="False" />
            <line number="73" hits="0" branch="False" />
            <line number="75" hits="0" branch="False" />
            <line number="76" hits="429" branch="False" />
            <line number="77" hits="374" branch="False" />
            <line number="78" hits="376" branch="False" />
            <line number="82" hits="105" branch="False" />
            <line number="83" hits="105" branch="False" />
            <line number="84" hits="105" branch="False" />
            <line number="102" hits="8" branch="False" />
            <line number="103" hits="8" branch="False" />
            <line number="104" hits="8" branch="False" />
            <line number="125" hits="18" branch="False" />
            <line number="126" hits="18" branch="False" />
            <line number="127" hits="18" branch="False" />
            <line number="149" hits="13" branch="False" />
            <line number="150" hits="13" branch="False" />
            <line number="151" hits="13" branch="False" />
            <line number="173" hits="5" branch="False" />
            <line number="174" hits="5" branch="False" />
            <line number="175" hits="5" branch="False" />
            <line number="197" hits="10" branch="False" />
            <line number="198" hits="10" branch="False" />
            <line number="199" hits="10" branch="False" />
            <line number="224" hits="2" branch="False" />
            <line number="225" hits="2" branch="True" condition-coverage="100% (2/2)">
              <conditions>
                <condition number="12" type="jump" coverage="100%" />
              </conditions>
            </line>
            <line number="226" hits="2" branch="False" />
            <line number="227" hits="2" branch="True" condition-coverage="100% (2/2)">
              <conditions>
                <condition number="18" type="jump" coverage="100%" />
              </conditions>
            </line>
            <line number="228" hits="2" branch="False" />
            <line number="229" hits="2" branch="False" />
            <line number="230" hits="2" branch="False" />
            <line number="231" hits="2" branch="False" />
            <line number="232" hits="2" branch="False" />
            <line number="233" hits="2" branch="False" />
            <line number="234" hits="2" branch="False" />
            <line number="240" hits="2" branch="False" />
            <line number="242" hits="2" branch="False" />
            <line number="243" hits="2" branch="False" />
            <line number="244" hits="2" branch="False" />
            <line number="31" hits="49" branch="False" />
            <line number="53" hits="49" branch="False" />
            <line number="54" hits="49" branch="False" />
            <line number="55" hits="49" branch="False" />
            <line number="56" hits="49" branch="False" />
            <line number="57" hits="49" branch="False" />
            <line number="58" hits="49" branch="False" />
            <line number="59" hits="49" branch="False" />
          </lines>
        </class>
        <class name="Baubit.Mediation.Mediator/&lt;PublishAsync&gt;d__8`2" filename="Mediator.cs" line-rate="1" branch-rate="0.8332999999999999" complexity="6">
          <methods>
            <method name="MoveNext" signature="()" line-rate="1" branch-rate="0.8332999999999999" complexity="6">
              <lines>
                <line number="90" hits="129" branch="False" />
                <line number="91" hits="133" branch="True" condition-coverage="100% (2/2)">
                  <conditions>
                    <condition number="55" type="jump" coverage="100%" />
                  </conditions>
                </line>
                <line number="92" hits="125" branch="False" />
                <line number="93" hits="126" branch="True" condition-coverage="100% (2/2)">
                  <conditions>
                    <condition number="96" type="jump" coverage="100%" />
                  </conditions>
                </line>
                <line number="94" hits="124" branch="True" condition-coverage="50% (1/2)">
                  <conditions>
                    <condition number="142" type="jump" coverage="50%" />
                  </conditions>
                </line>
                <line number="96" hits="124" branch="False" />
                <line number="97" hits="124" branch="False" />
              </lines>
            </method>
          </methods>
          <lines>
            <line number="90" hits="129" branch="False" />
            <line number="91" hits="133" branch="True" condition-coverage="100% (2/2)">
              <conditions>
                <condition number="55" type="jump" coverage="100%" />
              </conditions>
            </line>
            <line number="92" hits="125" branch="False" />
            <line number="93" hits="126" branch="True" condition-coverage="100% (2/2)">
              <conditions>
                <condition number="96" type="jump" coverage="100%" />
              </conditions>
            </line>
            <line number="94" hits="124" branch="True" condition-coverage="50% (1/2)">
              <conditions>
                <condition number="142" type="jump" coverage="50%" />
              </conditions>
            </line>
            <line number="96" hits="124" branch="False" />
            <line number="97" hits="124" branch="False" />
          </lines>
        </class>
        <class name="Baubit.Mediation.Mediator/&lt;SubscribeAsync&gt;d__10`2" filename="Mediator.cs" line-rate="1" branch-rate="0.875" complexity="8">
          <methods>
            <method name="MoveNext" signature="()" line-rate="1" branch-rate="0.875" complexity="8">
              <lines>
                <line number="109" hits="10" branch="False" />
                <line number="110" hits="11" branch="True" condition-coverage="100% (2/2)">
                  <conditions>
                    <condition number="37" type="jump" coverage="100%" />
                  </conditions>
                </line>
                <line number="111" hits="9" branch="True" condition-coverage="100% (2/2)">
                  <conditions>
                    <condition number="53" type="jump" coverage="100%" />
                  </conditions>
                </line>
                <line number="112" hits="9" branch="False" />
                <line number="113" hits="9" branch="False" />
                <line number="114" hits="9" branch="False" />
                <line number="115" hits="10" branch="True" condition-coverage="100% (2/2)">
                  <conditions>
                    <condition number="212" type="jump" coverage="100%" />
                  </conditions>
                </line>
                <line number="117" hits="8" branch="False" />
                <line number="118" hits="8" branch="False" />
                <line number="120" hits="6" branch="True" condition-coverage="50% (1/2)">
                  <conditions>
                    <condition number="608" type="jump" coverage="50%" />
                  </conditions>
                </line>
                <line number="121" hits="2" branch="False" />
              </lines>
            </method>
          </methods>
          <lines>
            <line number="109" hits="10" branch="False" />
            <line number="110" hits="11" branch="True" condition-coverage="100% (2/2)">
              <conditions>
                <condition number="37" type="jump" coverage="100%" />
              </conditions>
            </line>
            <line number="111" hits="9" branch="True" condition-coverage="100% (2/2)">
              <conditions>
                <condition number="53" type="jump" coverage="100%" />
              </conditions>
            </line>
            <line number="112" hits="9" branch="False" />
            <line number="113" hits="9" branch="False" />
            <line number="114" hits="9" branch="False" />
            <line number="115" hits="10" branch="True" condition-coverage="100% (2/2)">
              <conditions>
                <condition number="212" type="jump" coverage="100%" />
              </conditions>
            </line>
            <line number="117" hits="8" branch="False" />
            <line number="118" hits="8" branch="False" />
            <line number="120" hits="6" branch="True" condition-coverage="50% (1/2)">
              <conditions>
                <condition number="608" type="jump" coverage="50%" />
              </conditions>
            </line>
            <line number="121" hits="2" branch="False" />
          </lines>
        </class>
        <class name="Baubit.Mediation.Mediator/&lt;SubscribeAsync&gt;d__12`1" filename="Mediator.cs" line-rate="1" branch-rate="0.75" complexity="8">
          <methods>
            <method name="MoveNext" signature="()" line-rate="1" branch-rate="0.75" complexity="8">
              <lines>
                <line number="131" hits="18" branch="False" />
                <line number="132" hits="19" branch="True" condition-coverage="100% (2/2)">
                  <conditions>
                    <condition number="37" type="jump" coverage="100%" />
                  </conditions>
                </line>
                <line number="133" hits="17" branch="True" condition-coverage="100% (2/2)">
                  <conditions>
                    <condition number="53" type="jump" coverage="100%" />
                  </conditions>
                </line>
                <line number="134" hits="17" branch="False" />
                <line number="135" hits="17" branch="False" />
                <line number="136" hits="17" branch="False" />
                <line number="137" hits="19" branch="True" condition-coverage="100% (2/2)">
                  <conditions>
                    <condition number="217" type="jump" coverage="100%" />
                  </conditions>
                </line>
                <line number="139" hits="17" branch="False" />
                <line number="140" hits="17" branch="False" />
                <line number="142" hits="51" branch="True" condition-coverage="0% (0/2)">
                  <conditions>
                    <condition number="608" type="jump" coverage="0%" />
                  </conditions>
                </line>
                <line number="143" hits="1" branch="False" />
              </lines>
            </method>
          </methods>
          <lines>
            <line number="131" hits="18" branch="False" />
            <line number="132" hits="19" branch="True" condition-coverage="100% (2/2)">
              <conditions>
                <condition number="37" type="jump" coverage="100%" />
              </conditions>
            </line>
            <line number="133" hits="17" branch="True" condition-coverage="100% (2/2)">
              <conditions>
                <condition number="53" type="jump" coverage="100%" />
              </conditions>
            </line>
            <line number="134" hits="17" branch="False" />
            <line number="135" hits="17" branch="False" />
            <line number="136" hits="17" branch="False" />
            <line number="137" hits="19" branch="True" condition-coverage="100% (2/2)">
              <conditions>
                <condition number="217" type="jump" coverage="100%" />
              </conditions>
            </line>
            <line number="139" hits="17" branch="False" />
            <line number="140" hits="17" branch="False" />
            <line number="142" hits="51" branch="True" condition-coverage="0% (0/2)">
              <conditions>
                <condition number="608" type="jump" coverage="0%" />
              </conditions>
            </line>
            <line number="143" hits="1" branch="False" />
          </lines>
        </class>
        <class name="Baubit.Mediation.Mediator/&lt;SubscribeAsync&gt;d__14`2" filename="Mediator.cs" line-rate="1" branch-rate="0.875" complexity="8">
          <methods>
            <method name="MoveNext" signature="()" line-rate="1" branch-rate="0.875" complexity="8">
              <lines>
                <line number="157" hits="14" branch="False" />
                <line number="158" hits="15" branch="True" condition-coverage="100% (2/2)">
                  <conditions>
                    <condition number="37" type="jump" coverage="100%" />
                  </conditions>
                </line>
                <line number="159" hits="13" branch="True" condition-coverage="100% (2/2)">
                  <conditions>
                    <condition number="53" type="jump" coverage="100%" />
                  </conditions>
                </line>
                <line number="160" hits="13" branch="False" />
                <line number="161" hits="13" branch="False" />
                <line number="162" hits="13" branch="False" />
                <line number="163" hits="22" branch="True" condition-coverage="100% (2/2)">
                  <conditions>
                    <condition number="217" type="jump" coverage="100%" />
                  </conditions>
                </line>
                <line number="165" hits="4" branch="False" />
                <line number="166" hits="4" branch="False" />
                <line number="168" hits="12" branch="True" condition-coverage="50% (1/2)">
                  <conditions>
                    <condition number="613" type="jump" coverage="50%" />
                  </conditions>
                </line>
                <line number="169" hits="11" branch="False" />
              </lines>
            </method>
          </methods>
          <lines>
            <line number="157" hits="14" branch="False" />
            <line number="158" hits="15" branch="True" condition-coverage="100% (2/2)">
              <conditions>
                <condition number="37" type="jump" coverage="100%" />
              </conditions>
            </line>
            <line number="159" hits="13" branch="True" condition-coverage="100% (2/2)">
              <conditions>
                <condition number="53" type="jump" coverage="100%" />
              </conditions>
            </line>
            <line number="160" hits="13" branch="False" />
            <line number="161" hits="13" branch="False" />
            <line number="162" hits="13" branch="False" />
            <line number="163" hits="22" branch="True" condition-coverage="100% (2/2)">
              <conditions>
                <condition number="217" type="jump" coverage="100%" />
              </conditions>
            </line>
            <line number="165" hits="4" branch="False" />
            <line number="166" hits="4" branch="False" />
            <line number="168" hits="12" branch="True" condition-coverage="50% (1/2)">
              <conditions>
                <condition number="613" type="jump" coverage="50%" />
              </conditions>
            </line>
            <line number="169" hits="11" branch="False" />
          </lines>
        </class>
        <class name="Baubit.Mediation.Mediator/&lt;SubscribeAsync&gt;d__16`1" filename="Mediator.cs" line-rate="1" branch-rate="0.875" complexity="8">
          <methods>
            <method name="MoveNext" signature="()" line-rate="1" branch-rate="0.875" complexity="8">
              <lines>
                <line number="179" hits="18" branch="False" />
                <line number="180" hits="20" branch="True" condition-coverage="100% (2/2)">
                  <conditions>
                    <condition number="37" type="jump" coverage="100%" />
                  </conditions>
                </line>
                <line number="181" hits="16" branch="True" condition-coverage="100% (2/2)">
                  <conditions>
                    <condition number="53" type="jump" coverage="100%" />
                  </conditions>
                </line>
                <line number="182" hits="16" branch="False" />
                <line number="183" hits="16" branch="False" />
                <line number="184" hits="16" branch="False" />
                <line number="185" hits="20" branch="True" condition-coverage="100% (2/2)">
                  <conditions>
                    <condition number="217" type="jump" coverage="100%" />
                  </conditions>
                </line>
                <line number="187" hits="16" branch="False" />
                <line number="188" hits="16" branch="False" />
                <line number="190" hits="48" branch="True" condition-coverage="50% (1/2)">
                  <conditions>
                    <condition number="608" type="jump" coverage="50%" />
                  </conditions>
                </line>
                <line number="191" hits="4" branch="False" />
              </lines>
            </method>
          </methods>
          <lines>
            <line number="179" hits="18" branch="False" />
            <line number="180" hits="20" branch="True" condition-coverage="100% (2/2)">
              <conditions>
                <condition number="37" type="jump" coverage="100%" />
              </conditions>
            </line>
            <line number="181" hits="16" branch="True" condition-coverage="100% (2/2)">
              <conditions>
                <condition number="53" type="jump" coverage="100%" />
              </conditions>
            </line>
            <line number="182" hits="16" branch="False" />
            <line number="183" hits="16" branch="False" />
            <line number="184" hits="16" branch="False" />
            <line number="185" hits="20" branch="True" condition-coverage="100% (2/2)">
              <conditions>
                <condition number="217" type="jump" coverage="100%" />
              </conditions>
            </line>
            <line number="187" hits="16" branch="False" />
            <line number="188" hits="16" branch="False" />
            <line number="190" hits="48" branch="True" condition-coverage="50% (1/2)">
              <conditions>
                <condition number="608" type="jump" coverage="50%" />
              </conditions>
            </line>
            <line number="191" hits="4" branch="False" />
          </lines>
        </class>
        <class name="Baubit.Mediation.Mediator/&lt;SubscribeAsync&gt;d__18`2" filename="Mediator.cs" line-rate="1" branch-rate="0.75" complexity="8">
          <methods>
            <method name="MoveNext" signature="()" line-rate="1" branch-rate="0.75" complexity="8">
              <lines>
                <line number="205" hits="18" branch="False" />
                <line number="206" hits="18" branch="True" condition-coverage="50% (1/2)">
                  <conditions>
                    <condition number="37" type="jump" coverage="50%" />
                  </conditions>
                </line>
                <line number="207" hits="18" branch="True" condition-coverage="100% (2/2)">
                  <conditions>
                    <condition number="53" type="jump" coverage="100%" />
                  </conditions>
                </line>
                <line number="208" hits="18" branch="False" />
                <line number="209" hits="18" branch="False" />
                <line number="210" hits="18" branch="False" />
                <line number="211" hits="28" branch="True" condition-coverage="100% (2/2)">
                  <conditions>
                    <condition number="217" type="jump" coverage="100%" />
                  </conditions>
                </line>
                <line number="213" hits="8" branch="False" />
                <line number="214" hits="8" branch="False" />
                <line number="216" hits="24" branch="True" condition-coverage="50% (1/2)">
                  <conditions>
                    <condition number="608" type="jump" coverage="50%" />
                  </conditions>
                </line>
                <line number="217" hits="17" branch="False" />
              </lines>
            </method>
          </methods>
          <lines>
            <line number="205" hits="18" branch="False" />
            <line number="206" hits="18" branch="True" condition-coverage="50% (1/2)">
              <conditions>
                <condition number="37" type="jump" coverage="50%" />
              </conditions>
            </line>
            <line number="207" hits="18" branch="True" condition-coverage="100% (2/2)">
              <conditions>
                <condition number="53" type="jump" coverage="100%" />
              </conditions>
            </line>
            <line number="208" hits="18" branch="False" />
            <line number="209" hits="18" branch="False" />
            <line number="210" hits="18" branch="False" />
            <line number="211" hits="28" branch="True" condition-coverage="100% (2/2)">
              <conditions>
                <condition number="217" type="jump" coverage="100%" />
              </conditions>
            </line>
            <line number="213" hits="8" branch="False" />
            <line number="214" hits="8" branch="False" />
            <line number="216" hits="24" branch="True" condition-coverage="50% (1/2)">
              <conditions>
                <condition number="608" type="jump" coverage="50%" />
              </conditions>
            </line>
            <line number="217" hits="17" branch="False" />
          </lines>
        </class>
        <class name="Baubit.Mediation.TrackedRequest`2" filename="TrackedRequest.cs" line-rate="1" branch-rate="1" complexity="3">
          <methods>
            <method name="get_Id" signature="()" line-rate="1" branch-rate="1" complexity="1">
              <lines>
                <line number="15" hits="459" branch="False" />
              </lines>
            </method>
            <method name="get_Request" signature="()" line-rate="1" branch-rate="1" complexity="1">
              <lines>
                <line number="20" hits="247" branch="False" />
              </lines>
            </method>
            <method name=".ctor" signature="(System.Guid,TRequest)" line-rate="1" branch-rate="1" complexity="1">
              <lines>
                <line number="27" hits="124" branch="False" />
                <line number="28" hits="124" branch="False" />
                <line number="29" hits="124" branch="False" />
                <line number="30" hits="124" branch="False" />
                <line number="31" hits="124" branch="False" />
              </lines>
            </method>
          </methods>
          <lines>
            <line number="15" hits="459" branch="False" />
            <line number="20" hits="247" branch="False" />
            <line number="27" hits="124" branch="False" />
            <line number="28" hits="124" branch="False" />
            <line number="29" hits="124" branch="False" />
            <line number="30" hits="124" branch="False" />
            <line number="31" hits="124" branch="False" />
          </lines>
        </class>
        <class name="Baubit.Mediation.TrackedResponse`1" filename="TrackedResponse.cs" line-rate="1" branch-rate="1" complexity="3">
          <methods>
            <method name="get_ForRequest" signature="()" line-rate="1" branch-rate="1" complexity="1">
              <lines>
                <line number="14" hits="338" branch="False" />
              </lines>
            </method>
            <method name="get_Response" signature="()" line-rate="1" branch-rate="1" complexity="1">
              <lines>
                <line number="19" hits="247" branch="False" />
              </lines>
            </method>
            <method name=".ctor" signature="(System.Guid,TResponse)" line-rate="1" branch-rate="1" complexity="1">
              <lines>
                <line number="26" hits="124" branch="False" />
                <line number="27" hits="124" branch="False" />
                <line number="28" hits="124" branch="False" />
                <line number="29" hits="124" branch="False" />
                <line number="30" hits="124" branch="False" />
              </lines>
            </method>
          </methods>
          <lines>
            <line number="14" hits="338" branch="False" />
            <line number="19" hits="247" branch="False" />
            <line number="26" hits="124" branch="False" />
            <line number="27" hits="124" branch="False" />
            <line number="28" hits="124" branch="False" />
            <line number="29" hits="124" branch="False" />
            <line number="30" hits="124" branch="False" />
          </lines>
        </class>
        <class name="Baubit.Mediation.Internals.AsyncFuncSubscription`2" filename="Internals/AsyncFuncSubscription.cs" line-rate="1" branch-rate="1" complexity="3">
          <methods>
            <method name="get_FuncHandler" signature="()" line-rate="1" branch-rate="1" complexity="1">
              <lines>
                <line number="25" hits="40" branch="False" />
              </lines>
            </method>
            <method name="DisposeInternal" signature="()" line-rate="1" branch-rate="1" complexity="1">
              <lines>
                <line number="74" hits="1" branch="False" />
                <line number="75" hits="1" branch="False" />
                <line number="76" hits="1" branch="False" />
              </lines>
            </method>
            <method name=".ctor" signature="(System.Func`3&lt;TRequest,System.Threading.CancellationToken,System.Threading.Tasks.Task`1&lt;TResponse&gt;&gt;,System.Boolean)" line-rate="1" branch-rate="1" complexity="1">
              <lines>
                <line number="33" hits="21" branch="False" />
                <line number="34" hits="21" branch="False" />
                <line number="35" hits="21" branch="False" />
                <line number="36" hits="21" branch="False" />
              </lines>
            </method>
          </methods>
          <lines>
            <line number="25" hits="40" branch="False" />
            <line number="74" hits="1" branch="False" />
            <line number="75" hits="1" branch="False" />
            <line number="76" hits="1" branch="False" />
            <line number="33" hits="21" branch="False" />
            <line number="34" hits="21" branch="False" />
            <line number="35" hits="21" branch="False" />
            <line number="36" hits="21" branch="False" />
          </lines>
        </class>
        <class name="Baubit.Mediation.Internals.AsyncFuncSubscription`2/&lt;DispatchAsync&gt;d__6" filename="Internals/AsyncFuncSubscription.cs" line-rate="1" branch-rate="1" complexity="1">
          <methods>
            <method name="MoveNext" signature="()" line-rate="1" branch-rate="1" complexity="1">
              <lines>
                <line number="66" hits="2" branch="False" />
                <line number="67" hits="2" branch="False" />
                <line number="68" hits="2" branch="False" />
              </lines>
            </method>
          </methods>
          <lines>
            <line number="66" hits="2" branch="False" />
            <line number="67" hits="2" branch="False" />
            <line number="68" hits="2" branch="False" />
          </lines>
        </class>
        <class name="Baubit.Mediation.Internals.AsyncFuncSubscription`2/&lt;ProcessBufferAsync&gt;d__5" filename="Internals/AsyncFuncSubscription.cs" line-rate="1" branch-rate="1" complexity="4">
          <methods>
            <method name="MoveNext" signature="()" line-rate="1" branch-rate="1" complexity="4">
              <lines>
                <line number="47" hits="7" branch="False" />
                <line number="48" hits="39" branch="True" condition-coverage="100% (2/2)">
                  <conditions>
                    <condition number="415" type="jump" coverage="100%" />
                  </conditions>
                </line>
                <line number="49" hits="32" branch="False" />
                <line number="50" hits="32" branch="True" condition-coverage="100% (2/2)">
                  <conditions>
                    <condition number="75" type="jump" coverage="100%" />
                  </conditions>
                </line>
                <line number="51" hits="14" branch="False" />
                <line number="52" hits="14" branch="False" />
                <line number="53" hits="14" branch="False" />
                <line number="54" hits="14" branch="False" />
                <line number="55" hits="32" branch="False" />
                <line number="56" hits="7" branch="False" />
                <line number="57" hits="7" branch="False" />
              </lines>
            </method>
          </methods>
          <lines>
            <line number="47" hits="7" branch="False" />
            <line number="48" hits="39" branch="True" condition-coverage="100% (2/2)">
              <conditions>
                <condition number="415" type="jump" coverage="100%" />
              </conditions>
            </line>
            <line number="49" hits="32" branch="False" />
            <line number="50" hits="32" branch="True" condition-coverage="100% (2/2)">
              <conditions>
                <condition number="75" type="jump" coverage="100%" />
              </conditions>
            </line>
            <line number="51" hits="14" branch="False" />
            <line number="52" hits="14" branch="False" />
            <line number="53" hits="14" branch="False" />
            <line number="54" hits="14" branch="False" />
            <line number="55" hits="32" branch="False" />
            <line number="56" hits="7" branch="False" />
            <line number="57" hits="7" branch="False" />
          </lines>
        </class>
        <class name="Baubit.Mediation.Internals.AsyncInterfaceSubscription`2" filename="Internals/AsyncInterfaceSubscription.cs" line-rate="1" branch-rate="1" complexity="3">
          <methods>
            <method name="get_AsyncHandler" signature="()" line-rate="1" branch-rate="1" complexity="1">
              <lines>
                <line number="25" hits="22" branch="False" />
              </lines>
            </method>
            <method name="DisposeInternal" signature="()" line-rate="1" branch-rate="1" complexity="1">
              <lines>
                <line number="74" hits="1" branch="False" />
                <line number="75" hits="1" branch="False" />
                <line number="76" hits="1" branch="False" />
              </lines>
            </method>
            <method name=".ctor" signature="(Baubit.Mediation.IAsyncRequestHandler`2&lt;TRequest,TResponse&gt;,System.Boolean)" line-rate="1" branch-rate="1" complexity="1">
              <lines>
                <line number="33" hits="16" branch="False" />
                <line number="34" hits="16" branch="False" />
                <line number="35" hits="16" branch="False" />
                <line number="36" hits="16" branch="False" />
              </lines>
            </method>
          </methods>
          <lines>
            <line number="25" hits="22" branch="False" />
            <line number="74" hits="1" branch="False" />
            <line number="75" hits="1" branch="False" />
            <line number="76" hits="1" branch="False" />
            <line number="33" hits="16" branch="False" />
            <line number="34" hits="16" branch="False" />
            <line number="35" hits="16" branch="False" />
            <line number="36" hits="16" branch="False" />
          </lines>
        </class>
        <class name="Baubit.Mediation.Internals.AsyncInterfaceSubscription`2/&lt;DispatchAsync&gt;d__6" filename="Internals/AsyncInterfaceSubscription.cs" line-rate="1" branch-rate="1" complexity="1">
          <methods>
            <method name="MoveNext" signature="()" line-rate="1" branch-rate="1" complexity="1">
              <lines>
                <line number="66" hits="2" branch="False" />
                <line number="67" hits="2" branch="False" />
                <line number="68" hits="2" branch="False" />
              </lines>
            </method>
          </methods>
          <lines>
            <line number="66" hits="2" branch="False" />
            <line number="67" hits="2" branch="False" />
            <line number="68" hits="2" branch="False" />
          </lines>
        </class>
        <class name="Baubit.Mediation.Internals.AsyncInterfaceSubscription`2/&lt;ProcessBufferAsync&gt;d__5" filename="Internals/AsyncInterfaceSubscription.cs" line-rate="1" branch-rate="1" complexity="4">
          <methods>
            <method name="MoveNext" signature="()" line-rate="1" branch-rate="1" complexity="4">
              <lines>
                <line number="47" hits="3" branch="False" />
                <line number="48" hits="5" branch="True" condition-coverage="100% (2/2)">
                  <conditions>
                    <condition number="409" type="jump" coverage="100%" />
                  </conditions>
                </line>
                <line number="49" hits="2" branch="False" />
                <line number="50" hits="2" branch="True" condition-coverage="100% (2/2)">
                  <conditions>
                    <condition number="75" type="jump" coverage="100%" />
                  </conditions>
                </line>
                <line number="51" hits="1" branch="False" />
                <line number="52" hits="1" branch="False" />
                <line number="53" hits="1" branch="False" />
                <line number="54" hits="1" branch="False" />
                <line number="55" hits="2" branch="False" />
                <line number="56" hits="3" branch="False" />
                <line number="57" hits="3" branch="False" />
              </lines>
            </method>
          </methods>
          <lines>
            <line number="47" hits="3" branch="False" />
            <line number="48" hits="5" branch="True" condition-coverage="100% (2/2)">
              <conditions>
                <condition number="409" type="jump" coverage="100%" />
              </conditions>
            </line>
            <line number="49" hits="2" branch="False" />
            <line number="50" hits="2" branch="True" condition-coverage="100% (2/2)">
              <conditions>
                <condition number="75" type="jump" coverage="100%" />
              </conditions>
            </line>
            <line number="51" hits="1" branch="False" />
            <line number="52" hits="1" branch="False" />
            <line number="53" hits="1" branch="False" />
            <line number="54" hits="1" branch="False" />
            <line number="55" hits="2" branch="False" />
            <line number="56" hits="3" branch="False" />
            <line number="57" hits="3" branch="False" />
          </lines>
        </class>
        <class name="Baubit.Mediation.Internals.FuncSubscription`1" filename="Internals/FuncSubscription.cs" line-rate="1" branch-rate="1" complexity="3">
          <methods>
            <method name="get_NotificationHandler" signature="()" line-rate="1" branch-rate="1" complexity="1">
              <lines>
                <line number="24" hits="268" branch="False" />
              </lines>
            </method>
            <method name="DisposeInternal" signature="()" line-rate="1" branch-rate="1" complexity="1">
              <lines>
                <line number="74" hits="1" branch="False" />
                <line number="75" hits="1" branch="False" />
                <line number="76" hits="1" branch="False" />
              </lines>
            </method>
            <method name=".ctor" signature="(System.Func`3&lt;T,System.Threading.CancellationToken,System.Threading.Tasks.Task`1&lt;System.Boolean&gt;&gt;,System.Boolean)" line-rate="1" branch-rate="1" complexity="1">
              <lines>
                <line number="32" hits="20" branch="False" />
                <line number="33" hits="20" branch="False" />
                <line number="34" hits="20" branch="False" />
                <line number="35" hits="20" branch="False" />
              </lines>
            </method>
          </methods>
          <lines>
            <line number="24" hits="268" branch="False" />
            <line number="74" hits="1" branch="False" />
            <line number="75" hits="1" branch="False" />
            <line number="76" hits="1" branch="False" />
            <line number="32" hits="20" branch="False" />
            <line number="33" hits="20" branch="False" />
            <line number="34" hits="20" branch="False" />
            <line number="35" hits="20" branch="False" />
          </lines>
        </class>
        <class name="Baubit.Mediation.Internals.FuncSubscription`1/&lt;DispatchAsync&gt;d__6" filename="Internals/FuncSubscription.cs" line-rate="1" branch-rate="1" complexity="2">
          <methods>
            <method name="MoveNext" signature="()" line-rate="1" branch-rate="1" complexity="2">
              <lines>
                <line number="65" hits="8" branch="False" />
                <line number="66" hits="9" branch="True" condition-coverage="100% (2/2)">
                  <conditions>
                    <condition number="31" type="jump" coverage="100%" />
                  </conditions>
                </line>
                <line number="67" hits="7" branch="False" />
                <line number="68" hits="8" branch="False" />
              </lines>
            </method>
          </methods>
          <lines>
            <line number="65" hits="8" branch="False" />
            <line number="66" hits="9" branch="True" condition-coverage="100% (2/2)">
              <conditions>
                <condition number="31" type="jump" coverage="100%" />
              </conditions>
            </line>
            <line number="67" hits="7" branch="False" />
            <line number="68" hits="8" branch="False" />
          </lines>
        </class>
        <class name="Baubit.Mediation.Internals.FuncSubscription`1/&lt;ProcessBufferAsync&gt;d__5" filename="Internals/FuncSubscription.cs" line-rate="1" branch-rate="1" complexity="6">
          <methods>
            <method name="MoveNext" signature="()" line-rate="1" branch-rate="1" complexity="6">
              <lines>
                <line number="46" hits="10" branch="False" />
                <line number="47" hits="129" branch="True" condition-coverage="100% (2/2)">
                  <conditions>
                    <condition number="351" type="jump" coverage="100%" />
                  </conditions>
                </line>
                <line number="48" hits="119" branch="False" />
                <line number="49" hits="119" branch="True" condition-coverage="100% (4/4)">
                  <conditions>
                    <condition number="58" type="jump" coverage="100%" />
                    <condition number="91" type="jump" coverage="100%" />
                  </conditions>
                </line>
                <line number="50" hits="115" branch="False" />
                <line number="51" hits="115" branch="False" />
                <line number="52" hits="115" branch="False" />
                <line number="53" hits="119" branch="False" />
                <line number="54" hits="10" branch="False" />
                <line number="55" hits="10" branch="False" />
              </lines>
            </method>
          </methods>
          <lines>
            <line number="46" hits="10" branch="False" />
            <line number="47" hits="129" branch="True" condition-coverage="100% (2/2)">
              <conditions>
                <condition number="351" type="jump" coverage="100%" />
              </conditions>
            </line>
            <line number="48" hits="119" branch="False" />
            <line number="49" hits="119" branch="True" condition-coverage="100% (4/4)">
              <conditions>
                <condition number="58" type="jump" coverage="100%" />
                <condition number="91" type="jump" coverage="100%" />
              </conditions>
            </line>
            <line number="50" hits="115" branch="False" />
            <line number="51" hits="115" branch="False" />
            <line number="52" hits="115" branch="False" />
            <line number="53" hits="119" branch="False" />
            <line number="54" hits="10" branch="False" />
            <line number="55" hits="10" branch="False" />
          </lines>
        </class>
        <class name="Baubit.Mediation.Internals.InterfaceSubscription`1" filename="Internals/InterfaceSubscription.cs" line-rate="1" branch-rate="1" complexity="4">
          <methods>
            <method name="get_Subscriber" signature="()" line-rate="1" branch-rate="1" complexity="1">
              <lines>
                <line number="23" hits="336" branch="False" />
              </lines>
            </method>
            <method name="DispatchAsync" signature="(T,System.Threading.CancellationToken)" line-rate="1" branch-rate="1" complexity="1">
              <lines>
                <line number="61" hits="158" branch="False" />
                <line number="62" hits="158" branch="False" />
                <line number="63" hits="158" branch="False" />
              </lines>
            </method>
            <method name="DisposeInternal" signature="()" line-rate="1" branch-rate="1" complexity="1">
              <lines>
                <line number="69" hits="1" branch="False" />
                <line number="70" hits="1" branch="False" />
                <line number="71" hits="1" branch="False" />
              </lines>
            </method>
            <method name=".ctor" signature="(Baubit.Mediation.ISubscriber`1&lt;T&gt;,System.Boolean)" line-rate="1" branch-rate="1" complexity="1">
              <lines>
                <line number="30" hits="20" branch="False" />
                <line number="31" hits="20" branch="False" />
                <line number="32" hits="20" branch="False" />
                <line number="33" hits="20" branch="False" />
              </lines>
            </method>
          </methods>
          <lines>
            <line number="23" hits="336" branch="False" />
            <line number="61" hits="158" branch="False" />
            <line number="62" hits="158" branch="False" />
            <line number="63" hits="158" branch="False" />
            <line number="69" hits="1" branch="False" />
            <line number="70" hits="1" branch="False" />
            <line number="71" hits="1" branch="False" />
            <line number="30" hits="20" branch="False" />
            <line number="31" hits="20" branch="False" />
            <line number="32" hits="20" branch="False" />
            <line number="33" hits="20" branch="False" />
          </lines>
        </class>
        <class name="Baubit.Mediation.Internals.InterfaceSubscription`1/&lt;ProcessBufferAsync&gt;d__5" filename="Internals/InterfaceSubscription.cs" line-rate="1" branch-rate="0.8332999999999999" complexity="6">
          <methods>
            <method name="MoveNext" signature="()" line-rate="1" branch-rate="0.8332999999999999" complexity="6">
              <lines>
                <line number="43" hits="8" branch="False" />
                <line number="44" hits="163" branch="True" condition-coverage="100% (2/2)">
                  <conditions>
                    <condition number="225" type="jump" coverage="100%" />
                  </conditions>
                </line>
                <line number="45" hits="155" branch="False" />
                <line number="46" hits="155" branch="True" condition-coverage="75% (3/4)">
                  <conditions>
                    <condition number="44" type="jump" coverage="50%" />
                    <condition number="64" type="jump" coverage="100%" />
                  </conditions>
                </line>
                <line number="47" hits="155" branch="False" />
                <line number="48" hits="155" branch="False" />
                <line number="49" hits="155" branch="False" />
                <line number="50" hits="155" branch="False" />
                <line number="51" hits="7" branch="False" />
                <line number="52" hits="7" branch="False" />
              </lines>
            </method>
          </methods>
          <lines>
            <line number="43" hits="8" branch="False" />
            <line number="44" hits="163" branch="True" condition-coverage="100% (2/2)">
              <conditions>
                <condition number="225" type="jump" coverage="100%" />
              </conditions>
            </line>
            <line number="45" hits="155" branch="False" />
            <line number="46" hits="155" branch="True" condition-coverage="75% (3/4)">
              <conditions>
                <condition number="44" type="jump" coverage="50%" />
                <condition number="64" type="jump" coverage="100%" />
              </conditions>
            </line>
            <line number="47" hits="155" branch="False" />
            <line number="48" hits="155" branch="False" />
            <line number="49" hits="155" branch="False" />
            <line number="50" hits="155" branch="False" />
            <line number="51" hits="7" branch="False" />
            <line number="52" hits="7" branch="False" />
          </lines>
        </class>
        <class name="Baubit.Mediation.Internals.Subscription" filename="Internals/Subscription.cs" line-rate="1" branch-rate="1" complexity="7">
          <methods>
            <method name="get_EnableBuffering" signature="()" line-rate="1" branch-rate="1" complexity="1">
              <lines>
                <line number="29" hits="706" branch="False" />
              </lines>
            </method>
            <method name="Dispose" signature="(System.Boolean)" line-rate="1" branch-rate="1" complexity="4">
              <lines>
                <line number="78" hits="5" branch="False" />
                <line number="79" hits="5" branch="True" condition-coverage="100% (2/2)">
                  <conditions>
                    <condition number="12" type="jump" coverage="100%" />
                  </conditions>
                </line>
                <line number="80" hits="5" branch="False" />
                <line number="81" hits="5" branch="True" condition-coverage="100% (2/2)">
                  <conditions>
                    <condition number="18" type="jump" coverage="100%" />
                  </conditions>
                </line>
                <line number="82" hits="5" branch="False" />
                <line number="83" hits="5" branch="False" />
                <line number="84" hits="5" branch="False" />
                <line number="85" hits="5" branch="False" />
                <line number="86" hits="5" branch="False" />
                <line number="87" hits="5" branch="False" />
              </lines>
            </method>
            <method name="Dispose" signature="()" line-rate="1" branch-rate="1" complexity="1">
              <lines>
                <line number="93" hits="5" branch="False" />
                <line number="95" hits="5" branch="False" />
                <line number="96" hits="5" branch="False" />
                <line number="97" hits="5" branch="False" />
              </lines>
            </method>
            <method name=".ctor" signature="(System.Boolean)" line-rate="1" branch-rate="1" complexity="1">
              <lines>
                <line number="35" hits="89" branch="False" />
                <line number="36" hits="89" branch="False" />
                <line number="37" hits="89" branch="False" />
                <line number="38" hits="89" branch="False" />
              </lines>
            </method>
          </methods>
          <lines>
            <line number="29" hits="706" branch="False" />
            <line number="78" hits="5" branch="False" />
            <line number="79" hits="5" branch="True" condition-coverage="100% (2/2)">
              <conditions>
                <condition number="12" type="jump" coverage="100%" />
              </conditions>
            </line>
            <line number="80" hits="5" branch="False" />
            <line number="81" hits="5" branch="True" condition-coverage="100% (2/2)">
              <conditions>
                <condition number="18" type="jump" coverage="100%" />
              </conditions>
            </line>
            <line number="82" hits="5" branch="False" />
            <line number="83" hits="5" branch="False" />
            <line number="84" hits="5" branch="False" />
            <line number="85" hits="5" branch="False" />
            <line number="86" hits="5" branch="False" />
            <line number="87" hits="5" branch="False" />
            <line number="93" hits="5" branch="False" />
            <line number="95" hits="5" branch="False" />
            <line number="96" hits="5" branch="False" />
            <line number="97" hits="5" branch="False" />
            <line number="35" hits="89" branch="False" />
            <line number="36" hits="89" branch="False" />
            <line number="37" hits="89" branch="False" />
            <line number="38" hits="89" branch="False" />
          </lines>
        </class>
        <class name="Baubit.Mediation.Internals.Subscription/&lt;RunAsync&gt;d__6" filename="Internals/Subscription.cs" line-rate="0.8571" branch-rate="1" complexity="2">
          <methods>
            <method name="MoveNext" signature="()" line-rate="0.8571" branch-rate="1" complexity="2">
              <lines>
                <line number="49" hits="53" branch="False" />
                <line number="50" hits="88" branch="True" condition-coverage="100% (2/2)">
                  <conditions>
                    <condition number="39" type="jump" coverage="100%" />
                  </conditions>
                </line>
                <line number="52" hits="18" branch="False" />
                <line number="54" hits="18" branch="False" />
                <line number="55" hits="0" branch="False" />
                <line number="56" hits="28" branch="False" />
                <line number="57" hits="28" branch="False" />
              </lines>
            </method>
          </methods>
          <lines>
            <line number="49" hits="53" branch="False" />
            <line number="50" hits="88" branch="True" condition-coverage="100% (2/2)">
              <conditions>
                <condition number="39" type="jump" coverage="100%" />
              </conditions>
            </line>
            <line number="52" hits="18" branch="False" />
            <line number="54" hits="18" branch="False" />
            <line number="55" hits="0" branch="False" />
            <line number="56" hits="28" branch="False" />
            <line number="57" hits="28" branch="False" />
          </lines>
        </class>
        <class name="Baubit.Mediation.Internals.Subscription`1" filename="Internals/Subscription.cs" line-rate="1" branch-rate="1" complexity="3">
          <methods>
            <method name="Publish" signature="(T,Baubit.Caching.IOrderedCache`2&lt;System.Int64,System.Object&gt;,System.Threading.CancellationToken)" line-rate="1" branch-rate="1" complexity="2">
              <lines>
                <line number="129" hits="432" branch="False" />
                <line number="130" hits="698" branch="True" condition-coverage="100% (2/2)">
                  <conditions>
                    <condition number="9" type="jump" coverage="100%" />
                  </conditions>
                </line>
                <line number="131" hits="166" branch="False" />
                <line number="132" hits="432" branch="False" />
              </lines>
            </method>
            <method name=".ctor" signature="(System.Boolean)" line-rate="1" branch-rate="1" complexity="1">
              <lines>
                <line number="116" hits="40" branch="False" />
                <line number="117" hits="40" branch="False" />
                <line number="119" hits="40" branch="False" />
              </lines>
            </method>
          </methods>
          <lines>
            <line number="129" hits="432" branch="False" />
            <line number="130" hits="698" branch="True" condition-coverage="100% (2/2)">
              <conditions>
                <condition number="9" type="jump" coverage="100%" />
              </conditions>
            </line>
            <line number="131" hits="166" branch="False" />
            <line number="132" hits="432" branch="False" />
            <line number="116" hits="40" branch="False" />
            <line number="117" hits="40" branch="False" />
            <line number="119" hits="40" branch="False" />
          </lines>
        </class>
        <class name="Baubit.Mediation.Internals.Subscription`2" filename="Internals/Subscription.cs" line-rate="1" branch-rate="1" complexity="1">
          <methods>
            <method name=".ctor" signature="(System.Boolean)" line-rate="1" branch-rate="1" complexity="1">
              <lines>
                <line number="160" hits="49" branch="False" />
                <line number="161" hits="49" branch="False" />
                <line number="163" hits="49" branch="False" />
              </lines>
            </method>
          </methods>
          <lines>
            <line number="160" hits="49" branch="False" />
            <line number="161" hits="49" branch="False" />
            <line number="163" hits="49" branch="False" />
          </lines>
        </class>
        <class name="Baubit.Mediation.Internals.Subscription`2/&lt;PublishAsync&gt;d__1" filename="Internals/Subscription.cs" line-rate="0.9375" branch-rate="0.875" complexity="8">
          <methods>
            <method name="MoveNext" signature="()" line-rate="0.9375" branch-rate="0.875" complexity="8">
              <lines>
                <line number="178" hits="126" branch="False" />
                <line number="179" hits="126" branch="True" condition-coverage="100% (2/2)">
                  <conditions>
                    <condition number="42" type="jump" coverage="100%" />
                  </conditions>
                </line>
                <line number="180" hits="121" branch="False" />
                <line number="181" hits="121" branch="False" />
                <line number="182" hits="121" branch="False" />
                <line number="183" hits="121" branch="False" />
                <line number="184" hits="421" branch="True" condition-coverage="50% (1/2)">
                  <conditions>
                    <condition number="355" type="jump" coverage="50%" />
                  </conditions>
                </line>
                <line number="185" hits="421" branch="False" />
                <line number="186" hits="421" branch="True" condition-coverage="100% (4/4)">
                  <conditions>
                    <condition number="169" type="jump" coverage="100%" />
                    <condition number="203" type="jump" coverage="100%" />
                  </conditions>
                </line>
                <line number="187" hits="121" branch="False" />
                <line number="188" hits="121" branch="False" />
                <line number="190" hits="300" branch="False" />
                <line number="191" hits="0" branch="False" />
                <line number="194" hits="5" branch="False" />
                <line number="195" hits="5" branch="False" />
                <line number="197" hits="126" branch="False" />
              </lines>
            </method>
          </methods>
          <lines>
            <line number="178" hits="126" branch="False" />
            <line number="179" hits="126" branch="True" condition-coverage="100% (2/2)">
              <conditions>
                <condition number="42" type="jump" coverage="100%" />
              </conditions>
            </line>
            <line number="180" hits="121" branch="False" />
            <line number="181" hits="121" branch="False" />
            <line number="182" hits="121" branch="False" />
            <line number="183" hits="121" branch="False" />
            <line number="184" hits="421" branch="True" condition-coverage="50% (1/2)">
              <conditions>
                <condition number="355" type="jump" coverage="50%" />
              </conditions>
            </line>
            <line number="185" hits="421" branch="False" />
            <line number="186" hits="421" branch="True" condition-coverage="100% (4/4)">
              <conditions>
                <condition number="169" type="jump" coverage="100%" />
                <condition number="203" type="jump" coverage="100%" />
              </conditions>
            </line>
            <line number="187" hits="121" branch="False" />
            <line number="188" hits="121" branch="False" />
            <line number="190" hits="300" branch="False" />
            <line number="191" hits="0" branch="False" />
            <line number="194" hits="5" branch="False" />
            <line number="195" hits="5" branch="False" />
            <line number="197" hits="126" branch="False" />
          </lines>
        </class>
        <class name="Baubit.Mediation.Internals.SyncInterfaceSubscription`2" filename="Internals/SyncInterfaceSubscription.cs" line-rate="1" branch-rate="1" complexity="4">
          <methods>
            <method name="get_SyncHandler" signature="()" line-rate="1" branch-rate="1" complexity="1">
              <lines>
                <line number="24" hits="123" branch="False" />
              </lines>
            </method>
            <method name="DispatchAsync" signature="(TRequest,System.Threading.CancellationToken)" line-rate="1" branch-rate="1" complexity="1">
              <lines>
                <line number="65" hits="1" branch="False" />
                <line number="66" hits="1" branch="False" />
                <line number="67" hits="1" branch="False" />
              </lines>
            </method>
            <method name="DisposeInternal" signature="()" line-rate="1" branch-rate="1" complexity="1">
              <lines>
                <line number="73" hits="1" branch="False" />
                <line number="74" hits="1" branch="False" />
                <line number="75" hits="1" branch="False" />
              </lines>
            </method>
            <method name=".ctor" signature="(Baubit.Mediation.IRequestHandler`2&lt;TRequest,TResponse&gt;,System.Boolean)" line-rate="1" branch-rate="1" complexity="1">
              <lines>
                <line number="32" hits="12" branch="False" />
                <line number="33" hits="12" branch="False" />
                <line number="34" hits="12" branch="False" />
                <line number="35" hits="12" branch="False" />
              </lines>
            </method>
          </methods>
          <lines>
            <line number="24" hits="123" branch="False" />
            <line number="65" hits="1" branch="False" />
            <line number="66" hits="1" branch="False" />
            <line number="67" hits="1" branch="False" />
            <line number="73" hits="1" branch="False" />
            <line number="74" hits="1" branch="False" />
            <line number="75" hits="1" branch="False" />
            <line number="32" hits="12" branch="False" />
            <line number="33" hits="12" branch="False" />
            <line number="34" hits="12" branch="False" />
            <line number="35" hits="12" branch="False" />
          </lines>
        </class>
        <class name="Baubit.Mediation.Internals.SyncInterfaceSubscription`2/&lt;ProcessBufferAsync&gt;d__5" filename="Internals/SyncInterfaceSubscription.cs" line-rate="1" branch-rate="1" complexity="4">
          <methods>
            <method name="MoveNext" signature="()" line-rate="1" branch-rate="1" complexity="4">
              <lines>
                <line number="46" hits="7" branch="False" />
                <line number="47" hits="227" branch="True" condition-coverage="100% (2/2)">
                  <conditions>
                    <condition number="278" type="jump" coverage="100%" />
                  </conditions>
                </line>
                <line number="48" hits="220" branch="False" />
                <line number="49" hits="220" branch="True" condition-coverage="100% (2/2)">
                  <conditions>
                    <condition number="64" type="jump" coverage="100%" />
                  </conditions>
                </line>
                <line number="50" hits="106" branch="False" />
                <line number="51" hits="106" branch="False" />
                <line number="52" hits="106" branch="False" />
                <line number="53" hits="106" branch="False" />
                <line number="54" hits="220" branch="False" />
                <line number="55" hits="1" branch="False" />
                <line number="56" hits="1" branch="False" />
              </lines>
            </method>
          </methods>
          <lines>
            <line number="46" hits="7" branch="False" />
            <line number="47" hits="227" branch="True" condition-coverage="100% (2/2)">
              <conditions>
                <condition number="278" type="jump" coverage="100%" />
              </conditions>
            </line>
            <line number="48" hits="220" branch="False" />
            <line number="49" hits="220" branch="True" condition-coverage="100% (2/2)">
              <conditions>
                <condition number="64" type="jump" coverage="100%" />
              </conditions>
            </line>
            <line number="50" hits="106" branch="False" />
            <line number="51" hits="106" branch="False" />
            <line number="52" hits="106" branch="False" />
            <line number="53" hits="106" branch="False" />
            <line number="54" hits="220" branch="False" />
            <line number="55" hits="1" branch="False" />
            <line number="56" hits="1" branch="False" />
          </lines>
        </class>
      </classes>
    </package>
  </packages>
</coverage>